<?xml version="1.0" encoding="UTF-8"?>
<!-- Generated by org.testng.reporters.JUnitReportReporter -->
<testsuite hostname="Soumya" failures="0" tests="1" name="NewTest.NewTest" time="11.576" errors="0" timestamp="09 Apr 2018 09:32:44 GMT" skipped="0">
  <testcase classname="NewTest.NewTest" name="testEasy" time="11.576"/>
</testsuite> <!-- NewTest.NewTest -->
