<?xml version="1.0" encoding="UTF-8"?>
<!-- Generated by org.testng.reporters.JUnitReportReporter -->
<testsuite hostname="Soumya" failures="0" tests="2" name="ca.Dashboard" time="39.523" errors="0" timestamp="10 Apr 2018 10:06:25 GMT">
  <testcase classname="ca.Dashboard" name="pending_task" time="15.971"/>
  <testcase classname="ca.Dashboard" name="new_task" time="23.552"/>
</testsuite> <!-- ca.Dashboard -->
