<?xml version="1.0" encoding="UTF-8"?>
<!-- Generated by org.testng.reporters.JUnitReportReporter -->
<testsuite hostname="Soumya" failures="0" tests="4" name="ca.DashboardPendingtasks" time="17.463" errors="0" timestamp="10 Apr 2018 11:23:35 GMT">
  <testcase classname="ca.DashboardPendingtasks" name="slide" time="1.348"/>
  <testcase classname="ca.DashboardPendingtasks" name="select" time="5.658"/>
  <testcase classname="ca.DashboardPendingtasks" name="click_view" time="5.103"/>
  <testcase classname="ca.DashboardPendingtasks" name="pending_task" time="5.354"/>
</testsuite> <!-- ca.DashboardPendingtasks -->
