<?xml version="1.0" encoding="UTF-8"?>
<!-- Generated by org.testng.reporters.JUnitReportReporter -->
<testsuite hostname="Soumya" failures="0" tests="1" name="ca.Login" time="8.428" errors="0" timestamp="10 Apr 2018 11:23:35 GMT">
  <testcase classname="ca.Login" name="f" time="8.428"/>
</testsuite> <!-- ca.Login -->
