<?xml version="1.0" encoding="UTF-8"?>
<!-- Generated by org.testng.reporters.JUnitReportReporter -->
<testsuite hostname="Soumya" failures="0" tests="7" name="ca.DashboardNewtasks" time="23.870" errors="0" timestamp="10 Apr 2018 11:23:35 GMT">
  <testcase classname="ca.DashboardNewtasks" name="select" time="1.672"/>
  <testcase classname="ca.DashboardNewtasks" name="new_task" time="5.415"/>
  <testcase classname="ca.DashboardNewtasks" name="view" time="2.455"/>
  <testcase classname="ca.DashboardNewtasks" name="edit" time="2.505"/>
  <testcase classname="ca.DashboardNewtasks" name="backdashboard" time="5.406"/>
  <testcase classname="ca.DashboardNewtasks" name="sliders" time="1.332"/>
  <testcase classname="ca.DashboardNewtasks" name="scroll" time="5.085"/>
</testsuite> <!-- ca.DashboardNewtasks -->
